0 info it worked if it ends with ok
1 verbose cli [ '/usr/local/bin/node', '/usr/local/bin/npm', 'start' ]
2 info using npm@3.6.0
3 info using node@v5.7.0
4 verbose run-script [ 'prestart', 'start', 'poststart' ]
5 info lifecycle Diary@1.0.0~prestart: Diary@1.0.0
6 verbose lifecycle Diary@1.0.0~prestart: unsafe-perm in lifecycle true
7 verbose lifecycle Diary@1.0.0~prestart: PATH: /usr/local/lib/node_modules/npm/bin/node-gyp-bin:/Users/johan/Documents/KTH/mopub/projekt/node_modules/.bin:/Library/Frameworks/Python.framework/Versions/3.4/bin:/opt/local/bin:/opt/local/sbin:/usr/local/bin:/usr/bin:/bin:/usr/sbin:/sbin:/usr/local/git/bin:/Library/TeX/texbin
8 verbose lifecycle Diary@1.0.0~prestart: CWD: /Users/johan/Documents/KTH/mopub/projekt
9 silly lifecycle Diary@1.0.0~prestart: Args: [ '-c',
9 silly lifecycle   'browserify client/app/main.js -o client/bundled.js --debug -v --poll -d -t reactify && uglifyjs client/bundled.js -o client/bundled.js' ]
10 silly lifecycle Diary@1.0.0~prestart: Returned: code: 1  signal: null
11 info lifecycle Diary@1.0.0~prestart: Failed to exec prestart script
12 verbose stack Error: Diary@1.0.0 prestart: `browserify client/app/main.js -o client/bundled.js --debug -v --poll -d -t reactify && uglifyjs client/bundled.js -o client/bundled.js`
12 verbose stack Exit status 1
12 verbose stack     at EventEmitter.<anonymous> (/usr/local/lib/node_modules/npm/lib/utils/lifecycle.js:232:16)
12 verbose stack     at emitTwo (events.js:100:13)
12 verbose stack     at EventEmitter.emit (events.js:185:7)
12 verbose stack     at ChildProcess.<anonymous> (/usr/local/lib/node_modules/npm/lib/utils/spawn.js:24:14)
12 verbose stack     at emitTwo (events.js:100:13)
12 verbose stack     at ChildProcess.emit (events.js:185:7)
12 verbose stack     at maybeClose (internal/child_process.js:827:16)
12 verbose stack     at Process.ChildProcess._handle.onexit (internal/child_process.js:211:5)
13 verbose pkgid Diary@1.0.0
14 verbose cwd /Users/johan/Documents/KTH/mopub/projekt
15 error Darwin 15.5.0
16 error argv "/usr/local/bin/node" "/usr/local/bin/npm" "start"
17 error node v5.7.0
18 error npm  v3.6.0
19 error code ELIFECYCLE
20 error Diary@1.0.0 prestart: `browserify client/app/main.js -o client/bundled.js --debug -v --poll -d -t reactify && uglifyjs client/bundled.js -o client/bundled.js`
20 error Exit status 1
21 error Failed at the Diary@1.0.0 prestart script 'browserify client/app/main.js -o client/bundled.js --debug -v --poll -d -t reactify && uglifyjs client/bundled.js -o client/bundled.js'.
21 error Make sure you have the latest version of node.js and npm installed.
21 error If you do, this is most likely a problem with the Diary package,
21 error not with npm itself.
21 error Tell the author that this fails on your system:
21 error     browserify client/app/main.js -o client/bundled.js --debug -v --poll -d -t reactify && uglifyjs client/bundled.js -o client/bundled.js
21 error You can get information on how to open an issue for this project with:
21 error     npm bugs Diary
21 error Or if that isn't available, you can get their info via:
21 error     npm owner ls Diary
21 error There is likely additional logging output above.
22 verbose exit [ 1, true ]
